<?xml version="1.0" encoding="UTF-8"?>
<!-- Generated by org.testng.reporters.JUnitReportReporter -->
<testsuite hostname="MSI" failures="0" tests="1" name="com.tutorialsninja.qa.testcases.Register" time="7.550" errors="0" timestamp="2023-12-05T11:33:44 IST" skipped="0">
  <testcase classname="com.tutorialsninja.qa.testcases.Register" name="VerifyRegisteringAnAccountWithMandatoryFields" time="7.550"/>
</testsuite> <!-- com.tutorialsninja.qa.testcases.Register -->
