<?xml version="1.0" encoding="UTF-8"?>
<!-- Generated by org.testng.reporters.JUnitReportReporter -->
<testsuite hostname="MSI" failures="0" tests="3" name="com.tutorialsninja.qa.testcases.Search" time="18.450" errors="0" timestamp="2023-12-05T11:33:44 IST" skipped="0">
  <testcase classname="com.tutorialsninja.qa.testcases.Search" name="VerifySearchWithAnExistingProduct" time="9.724"/>
  <testcase classname="com.tutorialsninja.qa.testcases.Search" name="VerifySearchWithInvalidProduct" time="4.421"/>
  <testcase classname="com.tutorialsninja.qa.testcases.Search" name="VerifySearchWithOutProductName" time="4.305"/>
</testsuite> <!-- com.tutorialsninja.qa.testcases.Search -->
